2024-12-14T03:23:30.733-05:00  INFO 21204 --- [book] [main] com.book.book.BookApplication            : Starting BookApplication using Java 22.0.1 with PID 21204 (C:\Users\USUARIO\Desktop\Proyects\Alura-Challenges\Alura-challenge-3\target\classes started by USUARIO in C:\Users\USUARIO\Desktop\Proyects\Alura-Challenges\Alura-challenge-3)
2024-12-14T03:23:30.751-05:00  INFO 21204 --- [book] [main] com.book.book.BookApplication            : No active profile set, falling back to 1 default profile: "default"
2024-12-14T03:23:31.471-05:00  INFO 21204 --- [book] [main] .s.d.r.c.RepositoryConfigurationDelegate : Bootstrapping Spring Data JPA repositories in DEFAULT mode.
2024-12-14T03:23:31.568-05:00  INFO 21204 --- [book] [main] .s.d.r.c.RepositoryConfigurationDelegate : Finished Spring Data repository scanning in 83 ms. Found 3 JPA repository interfaces.
2024-12-14T03:23:32.162-05:00  INFO 21204 --- [book] [main] o.hibernate.jpa.internal.util.LogHelper  : HHH000204: Processing PersistenceUnitInfo [name: default]
2024-12-14T03:23:32.281-05:00  INFO 21204 --- [book] [main] org.hibernate.Version                    : HHH000412: Hibernate ORM core version 6.6.2.Final
2024-12-14T03:23:32.350-05:00  INFO 21204 --- [book] [main] o.h.c.internal.RegionFactoryInitiator    : HHH000026: Second-level cache disabled
2024-12-14T03:23:32.852-05:00  INFO 21204 --- [book] [main] o.s.o.j.p.SpringPersistenceUnitInfo      : No LoadTimeWeaver setup: ignoring JPA class transformer
2024-12-14T03:23:32.912-05:00  INFO 21204 --- [book] [main] com.zaxxer.hikari.HikariDataSource       : HikariPool-1 - Starting...
2024-12-14T03:23:33.254-05:00  INFO 21204 --- [book] [main] com.zaxxer.hikari.pool.HikariPool        : HikariPool-1 - Added connection org.postgresql.jdbc.PgConnection@7d42404e
2024-12-14T03:23:33.257-05:00  INFO 21204 --- [book] [main] com.zaxxer.hikari.HikariDataSource       : HikariPool-1 - Start completed.
2024-12-14T03:23:33.316-05:00  WARN 21204 --- [book] [main] org.hibernate.orm.deprecation            : HHH90000025: PostgreSQLDialect does not need to be specified explicitly using 'hibernate.dialect' (remove the property setting and it will be selected by default)
2024-12-14T03:23:33.342-05:00  INFO 21204 --- [book] [main] org.hibernate.orm.connections.pooling    : HHH10001005: Database info:
	Database JDBC URL [Connecting through datasource 'HikariDataSource (HikariPool-1)']
	Database driver: undefined/unknown
	Database version: 17.2
	Autocommit mode: undefined/unknown
	Isolation level: undefined/unknown
	Minimum pool size: undefined/unknown
	Maximum pool size: undefined/unknown
2024-12-14T03:23:34.950-05:00  INFO 21204 --- [book] [main] o.h.e.t.j.p.i.JtaPlatformInitiator       : HHH000489: No JTA platform available (set 'hibernate.transaction.jta.platform' to enable JTA platform integration)
2024-12-14T03:23:35.114-05:00  INFO 21204 --- [book] [main] j.LocalContainerEntityManagerFactoryBean : Initialized JPA EntityManagerFactory for persistence unit 'default'
2024-12-14T03:23:35.757-05:00  INFO 21204 --- [book] [main] o.s.d.j.r.query.QueryEnhancerFactory     : Hibernate is in classpath; If applicable, HQL parser will be used.
2024-12-14T03:23:36.478-05:00  WARN 21204 --- [book] [main] s.c.a.AnnotationConfigApplicationContext : Exception encountered during context initialization - cancelling refresh attempt: org.springframework.beans.factory.UnsatisfiedDependencyException: Error creating bean with name 'bookApplication': Unsatisfied dependency expressed through constructor parameter 4: No qualifying bean of type 'com.book.book.Services.LanguageService' available: expected at least 1 bean which qualifies as autowire candidate. Dependency annotations: {}
2024-12-14T03:23:36.479-05:00  INFO 21204 --- [book] [main] j.LocalContainerEntityManagerFactoryBean : Closing JPA EntityManagerFactory for persistence unit 'default'
2024-12-14T03:23:36.482-05:00  INFO 21204 --- [book] [main] com.zaxxer.hikari.HikariDataSource       : HikariPool-1 - Shutdown initiated...
2024-12-14T03:23:36.488-05:00  INFO 21204 --- [book] [main] com.zaxxer.hikari.HikariDataSource       : HikariPool-1 - Shutdown completed.
2024-12-14T03:23:36.498-05:00  INFO 21204 --- [book] [main] .s.b.a.l.ConditionEvaluationReportLogger : 

Error starting ApplicationContext. To display the condition evaluation report re-run your application with 'debug' enabled.
2024-12-14T03:23:36.534-05:00 ERROR 21204 --- [book] [main] o.s.b.d.LoggingFailureAnalysisReporter   : 

***************************
APPLICATION FAILED TO START
***************************

Description:

Parameter 4 of constructor in com.book.book.BookApplication required a bean of type 'com.book.book.Services.LanguageService' that could not be found.


Action:

Consider defining a bean of type 'com.book.book.Services.LanguageService' in your configuration.

2024-12-14T03:24:03.651-05:00  INFO 27432 --- [book] [main] com.book.book.BookApplication            : Starting BookApplication using Java 22.0.1 with PID 27432 (C:\Users\USUARIO\Desktop\Proyects\Alura-Challenges\Alura-challenge-3\target\classes started by USUARIO in C:\Users\USUARIO\Desktop\Proyects\Alura-Challenges\Alura-challenge-3)
2024-12-14T03:24:03.654-05:00  INFO 27432 --- [book] [main] com.book.book.BookApplication            : No active profile set, falling back to 1 default profile: "default"
2024-12-14T03:24:04.266-05:00  INFO 27432 --- [book] [main] .s.d.r.c.RepositoryConfigurationDelegate : Bootstrapping Spring Data JPA repositories in DEFAULT mode.
2024-12-14T03:24:04.360-05:00  INFO 27432 --- [book] [main] .s.d.r.c.RepositoryConfigurationDelegate : Finished Spring Data repository scanning in 80 ms. Found 3 JPA repository interfaces.
2024-12-14T03:24:04.831-05:00  INFO 27432 --- [book] [main] o.hibernate.jpa.internal.util.LogHelper  : HHH000204: Processing PersistenceUnitInfo [name: default]
2024-12-14T03:24:04.914-05:00  INFO 27432 --- [book] [main] org.hibernate.Version                    : HHH000412: Hibernate ORM core version 6.6.2.Final
2024-12-14T03:24:04.971-05:00  INFO 27432 --- [book] [main] o.h.c.internal.RegionFactoryInitiator    : HHH000026: Second-level cache disabled
2024-12-14T03:24:05.353-05:00  INFO 27432 --- [book] [main] o.s.o.j.p.SpringPersistenceUnitInfo      : No LoadTimeWeaver setup: ignoring JPA class transformer
2024-12-14T03:24:05.387-05:00  INFO 27432 --- [book] [main] com.zaxxer.hikari.HikariDataSource       : HikariPool-1 - Starting...
2024-12-14T03:24:05.762-05:00  INFO 27432 --- [book] [main] com.zaxxer.hikari.pool.HikariPool        : HikariPool-1 - Added connection org.postgresql.jdbc.PgConnection@77724cbe
2024-12-14T03:24:05.764-05:00  INFO 27432 --- [book] [main] com.zaxxer.hikari.HikariDataSource       : HikariPool-1 - Start completed.
2024-12-14T03:24:05.805-05:00  WARN 27432 --- [book] [main] org.hibernate.orm.deprecation            : HHH90000025: PostgreSQLDialect does not need to be specified explicitly using 'hibernate.dialect' (remove the property setting and it will be selected by default)
2024-12-14T03:24:05.827-05:00  INFO 27432 --- [book] [main] org.hibernate.orm.connections.pooling    : HHH10001005: Database info:
	Database JDBC URL [Connecting through datasource 'HikariDataSource (HikariPool-1)']
	Database driver: undefined/unknown
	Database version: 17.2
	Autocommit mode: undefined/unknown
	Isolation level: undefined/unknown
	Minimum pool size: undefined/unknown
	Maximum pool size: undefined/unknown
2024-12-14T03:24:07.199-05:00  INFO 27432 --- [book] [main] o.h.e.t.j.p.i.JtaPlatformInitiator       : HHH000489: No JTA platform available (set 'hibernate.transaction.jta.platform' to enable JTA platform integration)
2024-12-14T03:24:07.335-05:00  INFO 27432 --- [book] [main] j.LocalContainerEntityManagerFactoryBean : Initialized JPA EntityManagerFactory for persistence unit 'default'
2024-12-14T03:24:07.924-05:00  INFO 27432 --- [book] [main] o.s.d.j.r.query.QueryEnhancerFactory     : Hibernate is in classpath; If applicable, HQL parser will be used.
2024-12-14T03:24:08.864-05:00  INFO 27432 --- [book] [main] com.book.book.BookApplication            : Started BookApplication in 5.872 seconds (process running for 6.353)
2024-12-14T03:24:53.935-05:00  INFO 27432 --- [book] [SpringApplicationShutdownHook] j.LocalContainerEntityManagerFactoryBean : Closing JPA EntityManagerFactory for persistence unit 'default'
2024-12-14T03:24:53.938-05:00  INFO 27432 --- [book] [SpringApplicationShutdownHook] com.zaxxer.hikari.HikariDataSource       : HikariPool-1 - Shutdown initiated...
2024-12-14T03:24:53.941-05:00  INFO 27432 --- [book] [SpringApplicationShutdownHook] com.zaxxer.hikari.HikariDataSource       : HikariPool-1 - Shutdown completed.
